<?xml version="1.0" encoding="UTF-8"?>
<coverage generated="1700701060536" clover="3.2.0">
  <project timestamp="1700701060536" name="All files">
    <metrics statements="22" coveredstatements="20" conditionals="4" coveredconditionals="3" methods="8" coveredmethods="7" elements="34" coveredelements="30" complexity="0" loc="22" ncloc="22" packages="1" files="2" classes="2"/>
    <file name="gameboard.js" path="/home/lg4tin/repos/odin-battleship/src/gameboard.js">
      <metrics statements="17" coveredstatements="16" conditionals="2" coveredconditionals="2" methods="5" coveredmethods="4"/>
      <line num="6" count="3" type="stmt"/>
      <line num="7" count="3" type="stmt"/>
      <line num="11" count="3" type="stmt"/>
      <line num="12" count="3" type="stmt"/>
      <line num="13" count="30" type="stmt"/>
      <line num="14" count="30" type="stmt"/>
      <line num="15" count="300" type="stmt"/>
      <line num="18" count="3" type="stmt"/>
      <line num="22" count="16" type="stmt"/>
      <line num="26" count="0" type="stmt"/>
      <line num="30" count="2" type="stmt"/>
      <line num="33" count="2" type="stmt"/>
      <line num="34" count="2" type="cond" truecount="2" falsecount="0"/>
      <line num="36" count="1" type="stmt"/>
      <line num="37" count="3" type="stmt"/>
      <line num="40" count="1" type="stmt"/>
      <line num="41" count="4" type="stmt"/>
    </file>
    <file name="ship.js" path="/home/lg4tin/repos/odin-battleship/src/ship.js">
      <metrics statements="5" coveredstatements="4" conditionals="2" coveredconditionals="1" methods="3" coveredmethods="3"/>
      <line num="4" count="5" type="stmt"/>
      <line num="5" count="5" type="stmt"/>
      <line num="9" count="3" type="stmt"/>
      <line num="13" count="1" type="cond" truecount="1" falsecount="1"/>
      <line num="14" count="0" type="stmt"/>
    </file>
  </project>
</coverage>
