{"/home/lg4tin/repos/odin-battleship/src/gameboard.js": {"path":"/home/lg4tin/repos/odin-battleship/src/gameboard.js","statementMap":{"0":{"start":{"line":6,"column":4},"end":{"line":6,"column":28}},"1":{"start":{"line":7,"column":4},"end":{"line":7,"column":36}},"2":{"start":{"line":11,"column":16},"end":{"line":11,"column":18}},"3":{"start":{"line":12,"column":4},"end":{"line":17,"column":5}},"4":{"start":{"line":12,"column":17},"end":{"line":12,"column":18}},"5":{"start":{"line":13,"column":6},"end":{"line":13,"column":21}},"6":{"start":{"line":14,"column":6},"end":{"line":16,"column":7}},"7":{"start":{"line":14,"column":19},"end":{"line":14,"column":20}},"8":{"start":{"line":15,"column":8},"end":{"line":15,"column":71}},"9":{"start":{"line":18,"column":4},"end":{"line":18,"column":17}},"10":{"start":{"line":22,"column":4},"end":{"line":22,"column":22}},"11":{"start":{"line":26,"column":4},"end":{"line":26,"column":28}},"12":{"start":{"line":30,"column":4},"end":{"line":30,"column":49}},"13":{"start":{"line":30,"column":42},"end":{"line":30,"column":49}},"14":{"start":{"line":31,"column":15},"end":{"line":31,"column":31}},"15":{"start":{"line":32,"column":4},"end":{"line":32,"column":38}},"16":{"start":{"line":33,"column":4},"end":{"line":42,"column":5}},"17":{"start":{"line":35,"column":6},"end":{"line":37,"column":7}},"18":{"start":{"line":35,"column":19},"end":{"line":35,"column":20}},"19":{"start":{"line":36,"column":8},"end":{"line":36,"column":42}},"20":{"start":{"line":39,"column":6},"end":{"line":41,"column":7}},"21":{"start":{"line":39,"column":19},"end":{"line":39,"column":20}},"22":{"start":{"line":40,"column":8},"end":{"line":40,"column":42}},"23":{"start":{"line":46,"column":4},"end":{"line":48,"column":5}},"24":{"start":{"line":47,"column":6},"end":{"line":47,"column":39}}},"fnMap":{"0":{"name":"(anonymous_0)","decl":{"start":{"line":5,"column":2},"end":{"line":5,"column":3}},"loc":{"start":{"line":5,"column":16},"end":{"line":8,"column":3}},"line":5},"1":{"name":"(anonymous_1)","decl":{"start":{"line":10,"column":2},"end":{"line":10,"column":3}},"loc":{"start":{"line":10,"column":16},"end":{"line":19,"column":3}},"line":10},"2":{"name":"(anonymous_2)","decl":{"start":{"line":21,"column":2},"end":{"line":21,"column":3}},"loc":{"start":{"line":21,"column":13},"end":{"line":23,"column":3}},"line":21},"3":{"name":"(anonymous_3)","decl":{"start":{"line":25,"column":2},"end":{"line":25,"column":3}},"loc":{"start":{"line":25,"column":16},"end":{"line":27,"column":3}},"line":25},"4":{"name":"(anonymous_4)","decl":{"start":{"line":29,"column":2},"end":{"line":29,"column":3}},"loc":{"start":{"line":29,"column":31},"end":{"line":43,"column":3}},"line":29},"5":{"name":"(anonymous_5)","decl":{"start":{"line":45,"column":2},"end":{"line":45,"column":3}},"loc":{"start":{"line":45,"column":22},"end":{"line":49,"column":3}},"line":45}},"branchMap":{"0":{"loc":{"start":{"line":30,"column":4},"end":{"line":30,"column":49}},"type":"if","locations":[{"start":{"line":30,"column":4},"end":{"line":30,"column":49}},{"start":{},"end":{}}],"line":30},"1":{"loc":{"start":{"line":30,"column":8},"end":{"line":30,"column":40}},"type":"binary-expr","locations":[{"start":{"line":30,"column":8},"end":{"line":30,"column":13}},{"start":{"line":30,"column":17},"end":{"line":30,"column":22}},{"start":{"line":30,"column":26},"end":{"line":30,"column":31}},{"start":{"line":30,"column":35},"end":{"line":30,"column":40}}],"line":30},"2":{"loc":{"start":{"line":33,"column":4},"end":{"line":42,"column":5}},"type":"if","locations":[{"start":{"line":33,"column":4},"end":{"line":42,"column":5}},{"start":{"line":38,"column":11},"end":{"line":42,"column":5}}],"line":33},"3":{"loc":{"start":{"line":46,"column":4},"end":{"line":48,"column":5}},"type":"if","locations":[{"start":{"line":46,"column":4},"end":{"line":48,"column":5}},{"start":{},"end":{}}],"line":46}},"s":{"0":4,"1":4,"2":4,"3":4,"4":4,"5":40,"6":40,"7":40,"8":400,"9":4,"10":20,"11":0,"12":3,"13":1,"14":2,"15":2,"16":2,"17":1,"18":1,"19":3,"20":1,"21":1,"22":4,"23":0,"24":0},"f":{"0":4,"1":4,"2":20,"3":0,"4":3,"5":0},"b":{"0":[1,2],"1":[3,3,2,2],"2":[1,1],"3":[0,0]},"_coverageSchema":"1a1c01bbd47fc00a2c39e90264f33305004495a9","hash":"378fa56fe3cffbcc23deed624a694acbe396aa0f"}
,"/home/lg4tin/repos/odin-battleship/src/ship.js": {"path":"/home/lg4tin/repos/odin-battleship/src/ship.js","statementMap":{"0":{"start":{"line":4,"column":4},"end":{"line":4,"column":25}},"1":{"start":{"line":5,"column":4},"end":{"line":5,"column":18}},"2":{"start":{"line":9,"column":4},"end":{"line":9,"column":16}},"3":{"start":{"line":13,"column":4},"end":{"line":14,"column":22}},"4":{"start":{"line":13,"column":35},"end":{"line":13,"column":47}},"5":{"start":{"line":14,"column":9},"end":{"line":14,"column":22}}},"fnMap":{"0":{"name":"(anonymous_0)","decl":{"start":{"line":3,"column":2},"end":{"line":3,"column":3}},"loc":{"start":{"line":3,"column":22},"end":{"line":6,"column":3}},"line":3},"1":{"name":"(anonymous_1)","decl":{"start":{"line":8,"column":2},"end":{"line":8,"column":3}},"loc":{"start":{"line":8,"column":8},"end":{"line":10,"column":3}},"line":8},"2":{"name":"(anonymous_2)","decl":{"start":{"line":12,"column":2},"end":{"line":12,"column":3}},"loc":{"start":{"line":12,"column":11},"end":{"line":15,"column":3}},"line":12}},"branchMap":{"0":{"loc":{"start":{"line":13,"column":4},"end":{"line":14,"column":22}},"type":"if","locations":[{"start":{"line":13,"column":4},"end":{"line":14,"column":22}},{"start":{"line":14,"column":9},"end":{"line":14,"column":22}}],"line":13}},"s":{"0":5,"1":5,"2":3,"3":1,"4":1,"5":0},"f":{"0":5,"1":3,"2":1},"b":{"0":[1,0]},"_coverageSchema":"1a1c01bbd47fc00a2c39e90264f33305004495a9","hash":"a9e8304805f27cce1e750e87b8ccddecb1a7c53a"}
}
