{"/home/lg4tin/repos/odin-battleship/src/ship.js": {"path":"/home/lg4tin/repos/odin-battleship/src/ship.js","statementMap":{"0":{"start":{"line":4,"column":4},"end":{"line":4,"column":25}},"1":{"start":{"line":5,"column":4},"end":{"line":5,"column":18}},"2":{"start":{"line":9,"column":4},"end":{"line":9,"column":16}},"3":{"start":{"line":13,"column":4},"end":{"line":14,"column":22}},"4":{"start":{"line":13,"column":35},"end":{"line":13,"column":47}},"5":{"start":{"line":14,"column":9},"end":{"line":14,"column":22}}},"fnMap":{"0":{"name":"(anonymous_0)","decl":{"start":{"line":3,"column":2},"end":{"line":3,"column":3}},"loc":{"start":{"line":3,"column":22},"end":{"line":6,"column":3}},"line":3},"1":{"name":"(anonymous_1)","decl":{"start":{"line":8,"column":2},"end":{"line":8,"column":3}},"loc":{"start":{"line":8,"column":8},"end":{"line":10,"column":3}},"line":8},"2":{"name":"(anonymous_2)","decl":{"start":{"line":12,"column":2},"end":{"line":12,"column":3}},"loc":{"start":{"line":12,"column":11},"end":{"line":15,"column":3}},"line":12}},"branchMap":{"0":{"loc":{"start":{"line":13,"column":4},"end":{"line":14,"column":22}},"type":"if","locations":[{"start":{"line":13,"column":4},"end":{"line":14,"column":22}},{"start":{"line":14,"column":9},"end":{"line":14,"column":22}}],"line":13}},"s":{"0":3,"1":3,"2":3,"3":1,"4":1,"5":0},"f":{"0":3,"1":3,"2":1},"b":{"0":[1,0]},"_coverageSchema":"1a1c01bbd47fc00a2c39e90264f33305004495a9","hash":"a9e8304805f27cce1e750e87b8ccddecb1a7c53a"}
}
