TN:
SF:src/gameboard.js
FN:5,(anonymous_0)
FN:10,(anonymous_1)
FN:21,(anonymous_2)
FN:25,(anonymous_3)
FN:29,(anonymous_4)
FNF:5
FNH:4
FNDA:3,(anonymous_0)
FNDA:3,(anonymous_1)
FNDA:16,(anonymous_2)
FNDA:0,(anonymous_3)
FNDA:2,(anonymous_4)
DA:6,3
DA:7,3
DA:11,3
DA:12,3
DA:13,30
DA:14,30
DA:15,300
DA:18,3
DA:22,16
DA:26,0
DA:30,2
DA:33,2
DA:34,2
DA:36,1
DA:37,3
DA:40,1
DA:41,4
LF:17
LH:16
BRDA:34,0,0,1
BRDA:34,0,1,1
BRF:2
BRH:2
end_of_record
TN:
SF:src/ship.js
FN:3,(anonymous_0)
FN:8,(anonymous_1)
FN:12,(anonymous_2)
FNF:3
FNH:3
FNDA:5,(anonymous_0)
FNDA:3,(anonymous_1)
FNDA:1,(anonymous_2)
DA:4,5
DA:5,5
DA:9,3
DA:13,1
DA:14,0
LF:5
LH:4
BRDA:13,0,0,1
BRDA:13,0,1,0
BRF:2
BRH:1
end_of_record
